  Moc'ing Subscriber.h...
  Moc'ing Decision.h...
  Moc'ing Publisher.h...
  Moc'ing InterfaceWidget.h...
  Moc'ing SysControl.h...
  Moc'ing ShipEnvironment.h...
  Moc'ing ModeSettingWidget.h...
  Moc'ing LoadConfig.h...
  Moc'ing GenerateData.h...
  Uic'ing ModeSettingWidget.ui...
  Uic'ing InterfaceWidget.ui...
  Rcc'ing InterfaceWidget.qrc...
RCC : warning : No resources in 'F:\CWorkspace\SimulationSystem\SimulationSystem\InterfaceWidget.qrc'.
  
  Decision.cpp
f:\cworkspace\simulationsystem\simulationsystem\TopicTypes.h(17): fatal error C1083: 无法打开包括文件: “ndds/ndds_cpp.h”: No such file or directory
  moc_Decision.cpp
f:\cworkspace\simulationsystem\simulationsystem\TopicTypes.h(17): fatal error C1083: 无法打开包括文件: “ndds/ndds_cpp.h”: No such file or directory
  moc_Subscriber.cpp
f:\cworkspace\simulationsystem\simulationsystem\TopicTypes.h(17): fatal error C1083: 无法打开包括文件: “ndds/ndds_cpp.h”: No such file or directory
  Publisher.cpp
f:\cworkspace\simulationsystem\simulationsystem\TopicTypes.h(17): fatal error C1083: 无法打开包括文件: “ndds/ndds_cpp.h”: No such file or directory
  GenerateData.cpp
f:\cworkspace\simulationsystem\simulationsystem\TopicTypes.h(17): fatal error C1083: 无法打开包括文件: “ndds/ndds_cpp.h”: No such file or directory
  moc_GenerateData.cpp
f:\cworkspace\simulationsystem\simulationsystem\TopicTypes.h(17): fatal error C1083: 无法打开包括文件: “ndds/ndds_cpp.h”: No such file or directory
  moc_InterfaceWidget.cpp
  moc_LoadConfig.cpp
  moc_ModeSettingWidget.cpp
  moc_Publisher.cpp
f:\cworkspace\simulationsystem\simulationsystem\TopicTypes.h(17): fatal error C1083: 无法打开包括文件: “ndds/ndds_cpp.h”: No such file or directory
  moc_ShipEnvironment.cpp
  moc_SysControl.cpp
f:\cworkspace\simulationsystem\simulationsystem\TopicTypes.h(17): fatal error C1083: 无法打开包括文件: “ndds/ndds_cpp.h”: No such file or directory
  InterfaceWidget.cpp
  LoadConfig.cpp
  main.cpp
f:\cworkspace\simulationsystem\simulationsystem\TopicTypes.h(17): fatal error C1083: 无法打开包括文件: “ndds/ndds_cpp.h”: No such file or directory
  ModeSettingWidget.cpp
  QDocument.cpp
  ShipEnvironment.cpp
  Subscriber.cpp
f:\cworkspace\simulationsystem\simulationsystem\TopicTypes.h(17): fatal error C1083: 无法打开包括文件: “ndds/ndds_cpp.h”: No such file or directory
  SysControl.cpp
f:\cworkspace\simulationsystem\simulationsystem\TopicTypes.h(17): fatal error C1083: 无法打开包括文件: “ndds/ndds_cpp.h”: No such file or directory
  正在生成代码...
  正在编译...
  TopicTypes.cxx
TopicTypes.cxx(14): fatal error C1083: 无法打开包括文件: “ndds/ndds_cpp.h”: No such file or directory
  TopicTypesPlugin.cxx
TopicTypesPlugin.cxx(14): fatal error C1083: 无法打开包括文件: “ndds/ndds_cpp.h”: No such file or directory
  TopicTypesSupport.cxx
f:\cworkspace\simulationsystem\simulationsystem\TopicTypes.h(17): fatal error C1083: 无法打开包括文件: “ndds/ndds_cpp.h”: No such file or directory
  正在生成代码...
