c:\users\21419\desktop\701\simulationsystem\simulationsystem\debug\vc140.pdb
c:\users\21419\desktop\701\simulationsystem\simulationsystem\debug\syscontrol.obj
c:\users\21419\desktop\701\simulationsystem\simulationsystem\debug\shipenvironment.obj
c:\users\21419\desktop\701\simulationsystem\simulationsystem\debug\qdocument.obj
c:\users\21419\desktop\701\simulationsystem\simulationsystem\debug\main.obj
c:\users\21419\desktop\701\simulationsystem\simulationsystem\debug\loadconfig.obj
c:\users\21419\desktop\701\simulationsystem\simulationsystem\debug\interfacewidget.obj
c:\users\21419\desktop\701\simulationsystem\simulationsystem\debug\moc_syscontrol.obj
c:\users\21419\desktop\701\simulationsystem\simulationsystem\debug\moc_shipenvironment.obj
c:\users\21419\desktop\701\simulationsystem\simulationsystem\debug\moc_loadconfig.obj
c:\users\21419\desktop\701\simulationsystem\simulationsystem\debug\moc_interfacewidget.obj
c:\users\21419\desktop\701\simulationsystem\simulationsystem\debug\moc_generatedata.obj
c:\users\21419\desktop\701\simulationsystem\simulationsystem\debug\generatedata.obj
c:\users\21419\desktop\701\simulationsystem\simulationsystem\debug\qrc_interfacewidget.obj
c:\users\21419\desktop\701\simulationsystem\simulationsystem\generatedfiles\debug\moc_interfacewidget.cpp
c:\users\21419\desktop\701\simulationsystem\simulationsystem\generatedfiles\ui_interfacewidget.h
c:\users\21419\desktop\701\simulationsystem\simulationsystem\generatedfiles\debug\moc_generatedata.cpp
c:\users\21419\desktop\701\simulationsystem\simulationsystem\generatedfiles\debug\moc_shipenvironment.cpp
c:\users\21419\desktop\701\simulationsystem\simulationsystem\generatedfiles\debug\moc_loadconfig.cpp
c:\users\21419\desktop\701\simulationsystem\simulationsystem\generatedfiles\debug\moc_syscontrol.cpp
c:\users\21419\desktop\701\simulationsystem\simulationsystem\generatedfiles\qrc_interfacewidget.cpp
c:\users\21419\desktop\701\simulationsystem\win32\debug\simulationsystem.ilk
c:\users\21419\desktop\701\simulationsystem\win32\debug\simulationsystem.exe
c:\users\21419\desktop\701\simulationsystem\win32\debug\simulationsystem.pdb
c:\users\21419\desktop\701\simulationsystem\simulationsystem\debug\simulationsystem.tlog\cl.command.1.tlog
c:\users\21419\desktop\701\simulationsystem\simulationsystem\debug\simulationsystem.tlog\cl.read.1.tlog
c:\users\21419\desktop\701\simulationsystem\simulationsystem\debug\simulationsystem.tlog\cl.write.1.tlog
c:\users\21419\desktop\701\simulationsystem\simulationsystem\debug\simulationsystem.tlog\custombuild.command.1.tlog
c:\users\21419\desktop\701\simulationsystem\simulationsystem\debug\simulationsystem.tlog\custombuild.read.1.tlog
c:\users\21419\desktop\701\simulationsystem\simulationsystem\debug\simulationsystem.tlog\custombuild.write.1.tlog
c:\users\21419\desktop\701\simulationsystem\simulationsystem\debug\simulationsystem.tlog\link.command.1.tlog
c:\users\21419\desktop\701\simulationsystem\simulationsystem\debug\simulationsystem.tlog\link.read.1.tlog
c:\users\21419\desktop\701\simulationsystem\simulationsystem\debug\simulationsystem.tlog\link.write.1.tlog
